2025-08-06 15:50:14,166 INFO: Pixoform startup [in /mnt/c/users/m3hrad/Documents/Dev/Job-Projects/Form-Pixoform/flask_backend.py:52]
2025-08-06 15:50:14,185 INFO: Database initialized successfully [in /mnt/c/users/m3hrad/Documents/Dev/Job-Projects/Form-Pixoform/flask_backend.py:108]
2025-08-06 15:50:14,185 INFO: 🚀 Starting Pixoform server... [in /mnt/c/users/m3hrad/Documents/Dev/Job-Projects/Form-Pixoform/flask_backend.py:707]
2025-08-06 15:50:14,186 INFO: 📧 Email configured for: info@pixoform.com [in /mnt/c/users/m3hrad/Documents/Dev/Job-Projects/Form-Pixoform/flask_backend.py:708]
2025-08-06 15:50:14,186 INFO: 🔗 Visit: http://204.152.218.164:6000 [in /mnt/c/users/m3hrad/Documents/Dev/Job-Projects/Form-Pixoform/flask_backend.py:709]
2025-08-06 15:59:20,695 INFO: Pixoform application startup [in /mnt/c/users/m3hrad/Documents/Dev/Job-Projects/Form-Pixoform/flask_backend.py:60]
2025-08-06 15:59:20,699 INFO: Database initialized successfully [in /mnt/c/users/m3hrad/Documents/Dev/Job-Projects/Form-Pixoform/flask_backend.py:155]
2025-08-06 15:59:45,429 INFO: Pixoform application startup [in /mnt/c/users/m3hrad/Documents/Dev/Job-Projects/Form-Pixoform/flask_backend.py:60]
2025-08-06 15:59:45,433 INFO: Database initialized successfully [in /mnt/c/users/m3hrad/Documents/Dev/Job-Projects/Form-Pixoform/flask_backend.py:155]
2025-08-06 16:20:32,889 INFO: Pixoform startup [in /mnt/c/users/m3hrad/Documents/Dev/Job-Projects/Form-Pixoform/flask_backend.py:54]
2025-08-06 16:20:32,890 INFO: 🚀 Starting Pixoform server... [in /mnt/c/users/m3hrad/Documents/Dev/Job-Projects/Form-Pixoform/flask_backend.py:725]
2025-08-06 16:20:32,890 INFO: 📧 Email configured for: info@pixoform.com [in /mnt/c/users/m3hrad/Documents/Dev/Job-Projects/Form-Pixoform/flask_backend.py:726]
2025-08-06 16:21:04,516 INFO: Pixoform startup [in /mnt/c/users/m3hrad/Documents/Dev/Job-Projects/Form-Pixoform/flask_backend.py:54]
2025-08-06 16:25:24,901 INFO: Pixoform startup [in /mnt/c/users/m3hrad/Documents/Dev/Job-Projects/Form-Pixoform/flask_backend.py:54]
2025-08-06 16:26:01,939 INFO: Pixoform application startup [in /mnt/c/users/m3hrad/Documents/Dev/Job-Projects/Form-Pixoform/flask_backend.py:60]
2025-08-06 16:26:01,943 INFO: Database initialized successfully [in /mnt/c/users/m3hrad/Documents/Dev/Job-Projects/Form-Pixoform/flask_backend.py:155]
2025-08-06 16:26:42,135 INFO: Pixoform application startup [in /mnt/c/users/m3hrad/Documents/Dev/Job-Projects/Form-Pixoform/flask_backend.py:60]
2025-08-06 16:26:42,138 INFO: Database initialized successfully [in /mnt/c/users/m3hrad/Documents/Dev/Job-Projects/Form-Pixoform/flask_backend.py:155]
2025-08-06 16:27:15,635 INFO: Pixoform application startup [in /mnt/c/users/m3hrad/Documents/Dev/Job-Projects/Form-Pixoform/flask_backend.py:60]
2025-08-06 16:27:15,638 INFO: Database initialized successfully [in /mnt/c/users/m3hrad/Documents/Dev/Job-Projects/Form-Pixoform/flask_backend.py:155]
2025-08-06 16:28:16,460 INFO: Pixoform startup [in /mnt/c/users/m3hrad/Documents/Dev/Job-Projects/Form-Pixoform/flask_backend.py:42]
2025-08-06 16:28:16,465 INFO: Database initialized successfully [in /mnt/c/users/m3hrad/Documents/Dev/Job-Projects/Form-Pixoform/flask_backend.py:98]
2025-08-06 16:28:48,751 INFO: Pixoform startup [in /mnt/c/users/m3hrad/Documents/Dev/Job-Projects/Form-Pixoform/flask_backend.py:42]
2025-08-06 16:28:48,756 INFO: Database initialized successfully [in /mnt/c/users/m3hrad/Documents/Dev/Job-Projects/Form-Pixoform/flask_backend.py:98]
2025-08-06 16:29:10,811 INFO: Pixoform startup [in /mnt/c/users/m3hrad/Documents/Dev/Job-Projects/Form-Pixoform/flask_backend.py:42]
2025-08-06 16:29:10,816 INFO: Database initialized successfully [in /mnt/c/users/m3hrad/Documents/Dev/Job-Projects/Form-Pixoform/flask_backend.py:98]
2025-08-06 16:29:21,128 INFO: Pixoform startup [in /mnt/c/users/m3hrad/Documents/Dev/Job-Projects/Form-Pixoform/flask_backend.py:42]
2025-08-06 16:29:21,133 INFO: Database initialized successfully [in /mnt/c/users/m3hrad/Documents/Dev/Job-Projects/Form-Pixoform/flask_backend.py:98]
2025-08-06 16:29:36,091 INFO: Pixoform startup [in /mnt/c/users/m3hrad/Documents/Dev/Job-Projects/Form-Pixoform/flask_backend.py:42]
2025-08-06 16:29:36,095 INFO: Database initialized successfully [in /mnt/c/users/m3hrad/Documents/Dev/Job-Projects/Form-Pixoform/flask_backend.py:98]
2025-08-06 16:29:55,564 INFO: Pixoform startup [in /mnt/c/users/m3hrad/Documents/Dev/Job-Projects/Form-Pixoform/flask_backend.py:42]
2025-08-06 16:29:55,568 INFO: Database initialized successfully [in /mnt/c/users/m3hrad/Documents/Dev/Job-Projects/Form-Pixoform/flask_backend.py:98]
2025-08-06 16:30:10,020 INFO: Pixoform startup [in /mnt/c/users/m3hrad/Documents/Dev/Job-Projects/Form-Pixoform/flask_backend.py:42]
2025-08-06 16:30:10,025 INFO: Database initialized successfully [in /mnt/c/users/m3hrad/Documents/Dev/Job-Projects/Form-Pixoform/flask_backend.py:98]
2025-08-06 16:30:10,025 INFO: 🚀 Starting Pixoform server... [in /mnt/c/users/m3hrad/Documents/Dev/Job-Projects/Form-Pixoform/flask_backend.py:698]
2025-08-06 16:30:10,025 INFO: 📧 Email configured for: info@pixoform.com [in /mnt/c/users/m3hrad/Documents/Dev/Job-Projects/Form-Pixoform/flask_backend.py:699]
2025-08-06 16:30:10,025 INFO: 🔗 Visit: http://0.0.0.0:6000 [in /mnt/c/users/m3hrad/Documents/Dev/Job-Projects/Form-Pixoform/flask_backend.py:700]
2025-08-06 16:30:42,326 INFO: Pixoform startup [in /mnt/c/users/m3hrad/Documents/Dev/Job-Projects/Form-Pixoform/flask_backend.py:42]
2025-08-06 16:30:42,331 INFO: Database initialized successfully [in /mnt/c/users/m3hrad/Documents/Dev/Job-Projects/Form-Pixoform/flask_backend.py:98]
2025-08-06 16:30:42,331 INFO: 🚀 Starting Pixoform server... [in /mnt/c/users/m3hrad/Documents/Dev/Job-Projects/Form-Pixoform/flask_backend.py:698]
2025-08-06 16:30:42,331 INFO: 📧 Email configured for: info@pixoform.com [in /mnt/c/users/m3hrad/Documents/Dev/Job-Projects/Form-Pixoform/flask_backend.py:699]
2025-08-06 16:30:42,332 INFO: 🔗 Visit: http://0.0.0.0:6000 [in /mnt/c/users/m3hrad/Documents/Dev/Job-Projects/Form-Pixoform/flask_backend.py:700]
2025-08-06 16:31:05,814 INFO: Pixoform startup [in /mnt/c/users/m3hrad/Documents/Dev/Job-Projects/Form-Pixoform/flask_backend.py:42]
2025-08-06 16:31:05,818 INFO: Database initialized successfully [in /mnt/c/users/m3hrad/Documents/Dev/Job-Projects/Form-Pixoform/flask_backend.py:98]
2025-08-06 16:31:05,818 INFO: 🚀 Starting Pixoform server... [in /mnt/c/users/m3hrad/Documents/Dev/Job-Projects/Form-Pixoform/flask_backend.py:698]
2025-08-06 16:31:05,818 INFO: 📧 Email configured for: info@pixoform.com [in /mnt/c/users/m3hrad/Documents/Dev/Job-Projects/Form-Pixoform/flask_backend.py:699]
2025-08-06 16:31:05,818 INFO: 🔗 Visit: http://0.0.0.0:6000 [in /mnt/c/users/m3hrad/Documents/Dev/Job-Projects/Form-Pixoform/flask_backend.py:700]
2025-08-06 16:31:24,086 INFO: Pixoform startup [in /mnt/c/users/m3hrad/Documents/Dev/Job-Projects/Form-Pixoform/flask_backend.py:42]
2025-08-06 16:31:24,090 INFO: Database initialized successfully [in /mnt/c/users/m3hrad/Documents/Dev/Job-Projects/Form-Pixoform/flask_backend.py:98]
2025-08-06 16:31:24,090 INFO: 🚀 Starting Pixoform server... [in /mnt/c/users/m3hrad/Documents/Dev/Job-Projects/Form-Pixoform/flask_backend.py:698]
2025-08-06 16:31:24,090 INFO: 📧 Email configured for: info@pixoform.com [in /mnt/c/users/m3hrad/Documents/Dev/Job-Projects/Form-Pixoform/flask_backend.py:699]
2025-08-06 16:31:24,090 INFO: 🔗 Visit: http://0.0.0.0:10000 [in /mnt/c/users/m3hrad/Documents/Dev/Job-Projects/Form-Pixoform/flask_backend.py:700]
2025-08-06 16:31:45,952 INFO: Pixoform startup [in /mnt/c/users/m3hrad/Documents/Dev/Job-Projects/Form-Pixoform/flask_backend.py:42]
2025-08-06 16:31:45,957 INFO: Database initialized successfully [in /mnt/c/users/m3hrad/Documents/Dev/Job-Projects/Form-Pixoform/flask_backend.py:98]
2025-08-06 16:31:45,957 INFO: 🚀 Starting Pixoform server... [in /mnt/c/users/m3hrad/Documents/Dev/Job-Projects/Form-Pixoform/flask_backend.py:698]
2025-08-06 16:31:45,958 INFO: 📧 Email configured for: info@pixoform.com [in /mnt/c/users/m3hrad/Documents/Dev/Job-Projects/Form-Pixoform/flask_backend.py:699]
2025-08-06 16:31:45,958 INFO: 🔗 Visit: http://0.0.0.0:10000 [in /mnt/c/users/m3hrad/Documents/Dev/Job-Projects/Form-Pixoform/flask_backend.py:700]
2025-08-06 16:32:05,695 INFO: Pixoform startup [in /mnt/c/users/m3hrad/Documents/Dev/Job-Projects/Form-Pixoform/flask_backend.py:42]
2025-08-06 16:32:05,700 INFO: Database initialized successfully [in /mnt/c/users/m3hrad/Documents/Dev/Job-Projects/Form-Pixoform/flask_backend.py:98]
2025-08-06 16:32:05,700 INFO: 🚀 Starting Pixoform server... [in /mnt/c/users/m3hrad/Documents/Dev/Job-Projects/Form-Pixoform/flask_backend.py:698]
2025-08-06 16:32:05,700 INFO: 📧 Email configured for: info@pixoform.com [in /mnt/c/users/m3hrad/Documents/Dev/Job-Projects/Form-Pixoform/flask_backend.py:699]
2025-08-06 16:32:05,700 INFO: 🔗 Visit: http://0.0.0.0:6000 [in /mnt/c/users/m3hrad/Documents/Dev/Job-Projects/Form-Pixoform/flask_backend.py:700]
2025-08-06 16:32:42,674 INFO: Pixoform startup [in /mnt/c/users/m3hrad/Documents/Dev/Job-Projects/Form-Pixoform/flask_backend.py:42]
2025-08-06 16:32:42,678 INFO: Database initialized successfully [in /mnt/c/users/m3hrad/Documents/Dev/Job-Projects/Form-Pixoform/flask_backend.py:98]
2025-08-06 16:32:42,678 INFO: 🚀 Starting Pixoform server... [in /mnt/c/users/m3hrad/Documents/Dev/Job-Projects/Form-Pixoform/flask_backend.py:697]
2025-08-06 16:32:42,678 INFO: 📧 Email configured for: info@pixoform.com [in /mnt/c/users/m3hrad/Documents/Dev/Job-Projects/Form-Pixoform/flask_backend.py:698]
2025-08-06 16:32:42,678 INFO: 🔗 Visit: http://0.0.0.0:10000 [in /mnt/c/users/m3hrad/Documents/Dev/Job-Projects/Form-Pixoform/flask_backend.py:699]
